Mobile/android/app/build/intermediates/manifest_merge_blame_file/release/manifest-merger-blame-release-report.txt
1<?xml version="1.0" encoding="utf-8"?>
2<manifest xmlns:android="http://schemas.android.com/apk/res/android"
3    package="com.statec"
4    android:versionCode="1"
5    android:versionName="1.0" >
6
7    <uses-sdk
8        android:minSdkVersion="16"
8-->src/main/AndroidManifest.xml
9        android:targetSdkVersion="29" />
9-->src/main/AndroidManifest.xml
10
11    <uses-permission android:name="android.permission.INTERNET" />
11-->src/main/AndroidManifest.xml:4:5-67
11-->src/main/AndroidManifest.xml:4:22-64
12
13    <!-- Create a unique permission for your app and use it so only your app can receive your OneSignal messages. -->
14    <permission
14-->[com.onesignal:OneSignal:3.15.4] AndroidManifest.xml:7:5-9:47
15        android:name="com.statec.permission.C2D_MESSAGE"
15-->[com.onesignal:OneSignal:3.15.4] AndroidManifest.xml:8:9-63
16        android:protectionLevel="signature" />
16-->[com.onesignal:OneSignal:3.15.4] AndroidManifest.xml:9:9-44
17
18    <uses-permission android:name="com.statec.permission.C2D_MESSAGE" />
18-->[com.onesignal:OneSignal:3.15.4] AndroidManifest.xml:11:5-79
18-->[com.onesignal:OneSignal:3.15.4] AndroidManifest.xml:11:22-76
19    <uses-permission android:name="com.google.android.c2dm.permission.RECEIVE" /> <!-- Required, makes sure notifications are delivered on time. -->
19-->[com.onesignal:OneSignal:3.15.4] AndroidManifest.xml:17:5-82
19-->[com.onesignal:OneSignal:3.15.4] AndroidManifest.xml:17:22-79
20    <uses-permission android:name="android.permission.WAKE_LOCK" />
20-->[com.onesignal:OneSignal:3.15.4] AndroidManifest.xml:18:5-68
20-->[com.onesignal:OneSignal:3.15.4] AndroidManifest.xml:18:22-65
21    <!--
22 Required so the device vibrates on receiving a push notification.
23         Vibration settings of the device still apply.
24    -->
25    <uses-permission android:name="android.permission.VIBRATE" />
25-->[com.onesignal:OneSignal:3.15.4] AndroidManifest.xml:23:5-66
25-->[com.onesignal:OneSignal:3.15.4] AndroidManifest.xml:23:22-63
26    <uses-permission android:name="android.permission.ACCESS_NETWORK_STATE" />
26-->[com.onesignal:OneSignal:3.15.4] AndroidManifest.xml:24:5-79
26-->[com.onesignal:OneSignal:3.15.4] AndroidManifest.xml:24:22-76
27    <!--
28 Use to restore notifications the user hasn't interacted with.
29         They could be missed notifications if the user reboots their device if this isn't in place.
30    -->
31    <uses-permission android:name="android.permission.RECEIVE_BOOT_COMPLETED" /> <!-- START: ShortcutBadger -->
31-->[com.onesignal:OneSignal:3.15.4] AndroidManifest.xml:29:5-81
31-->[com.onesignal:OneSignal:3.15.4] AndroidManifest.xml:29:22-78
32    <!-- Samsung -->
33    <uses-permission android:name="com.sec.android.provider.badge.permission.READ" />
33-->[com.onesignal:OneSignal:3.15.4] AndroidManifest.xml:31:5-86
33-->[com.onesignal:OneSignal:3.15.4] AndroidManifest.xml:31:22-83
34    <uses-permission android:name="com.sec.android.provider.badge.permission.WRITE" /> <!-- HTC -->
34-->[com.onesignal:OneSignal:3.15.4] AndroidManifest.xml:32:5-87
34-->[com.onesignal:OneSignal:3.15.4] AndroidManifest.xml:32:22-84
35    <uses-permission android:name="com.htc.launcher.permission.READ_SETTINGS" />
35-->[com.onesignal:OneSignal:3.15.4] AndroidManifest.xml:33:5-81
35-->[com.onesignal:OneSignal:3.15.4] AndroidManifest.xml:33:22-78
36    <uses-permission android:name="com.htc.launcher.permission.UPDATE_SHORTCUT" /> <!-- Sony -->
36-->[com.onesignal:OneSignal:3.15.4] AndroidManifest.xml:34:5-83
36-->[com.onesignal:OneSignal:3.15.4] AndroidManifest.xml:34:22-80
37    <uses-permission android:name="com.sonyericsson.home.permission.BROADCAST_BADGE" />
37-->[com.onesignal:OneSignal:3.15.4] AndroidManifest.xml:35:5-88
37-->[com.onesignal:OneSignal:3.15.4] AndroidManifest.xml:35:22-85
38    <uses-permission android:name="com.sonymobile.home.permission.PROVIDER_INSERT_BADGE" /> <!-- Apex -->
38-->[com.onesignal:OneSignal:3.15.4] AndroidManifest.xml:36:5-92
38-->[com.onesignal:OneSignal:3.15.4] AndroidManifest.xml:36:22-89
39    <uses-permission android:name="com.anddoes.launcher.permission.UPDATE_COUNT" /> <!-- Solid -->
39-->[com.onesignal:OneSignal:3.15.4] AndroidManifest.xml:37:5-84
39-->[com.onesignal:OneSignal:3.15.4] AndroidManifest.xml:37:22-81
40    <uses-permission android:name="com.majeur.launcher.permission.UPDATE_BADGE" /> <!-- Huawei -->
40-->[com.onesignal:OneSignal:3.15.4] AndroidManifest.xml:38:5-83
40-->[com.onesignal:OneSignal:3.15.4] AndroidManifest.xml:38:22-80
41    <uses-permission android:name="com.huawei.android.launcher.permission.CHANGE_BADGE" />
41-->[com.onesignal:OneSignal:3.15.4] AndroidManifest.xml:39:5-91
41-->[com.onesignal:OneSignal:3.15.4] AndroidManifest.xml:39:22-88
42    <uses-permission android:name="com.huawei.android.launcher.permission.READ_SETTINGS" />
42-->[com.onesignal:OneSignal:3.15.4] AndroidManifest.xml:40:5-92
42-->[com.onesignal:OneSignal:3.15.4] AndroidManifest.xml:40:22-89
43    <uses-permission android:name="com.huawei.android.launcher.permission.WRITE_SETTINGS" /> <!-- ZUK -->
43-->[com.onesignal:OneSignal:3.15.4] AndroidManifest.xml:41:5-93
43-->[com.onesignal:OneSignal:3.15.4] AndroidManifest.xml:41:22-90
44    <uses-permission android:name="android.permission.READ_APP_BADGE" /> <!-- OPPO -->
44-->[com.onesignal:OneSignal:3.15.4] AndroidManifest.xml:42:5-73
44-->[com.onesignal:OneSignal:3.15.4] AndroidManifest.xml:42:22-70
45    <uses-permission android:name="com.oppo.launcher.permission.READ_SETTINGS" />
45-->[com.onesignal:OneSignal:3.15.4] AndroidManifest.xml:43:5-82
45-->[com.onesignal:OneSignal:3.15.4] AndroidManifest.xml:43:22-79
46    <uses-permission android:name="com.oppo.launcher.permission.WRITE_SETTINGS" /> <!-- EvMe -->
46-->[com.onesignal:OneSignal:3.15.4] AndroidManifest.xml:44:5-83
46-->[com.onesignal:OneSignal:3.15.4] AndroidManifest.xml:44:22-80
47    <uses-permission android:name="me.everything.badger.permission.BADGE_COUNT_READ" />
47-->[com.onesignal:OneSignal:3.15.4] AndroidManifest.xml:45:5-88
47-->[com.onesignal:OneSignal:3.15.4] AndroidManifest.xml:45:22-85
48    <uses-permission android:name="me.everything.badger.permission.BADGE_COUNT_WRITE" />
48-->[com.onesignal:OneSignal:3.15.4] AndroidManifest.xml:46:5-89
48-->[com.onesignal:OneSignal:3.15.4] AndroidManifest.xml:46:22-86
49
50    <application
50-->src/main/AndroidManifest.xml:6:5-25:19
51        android:name="com.statec.MainApplication"
51-->src/main/AndroidManifest.xml:7:7-38
52        android:allowBackup="false"
52-->src/main/AndroidManifest.xml:11:7-34
53        android:appComponentFactory="androidx.core.app.CoreComponentFactory"
53-->[androidx.core:core:1.5.0-alpha05] AndroidManifest.xml:24:18-86
54        android:icon="@mipmap/ic_launcher"
54-->src/main/AndroidManifest.xml:9:7-41
55        android:label="@string/app_name"
55-->src/main/AndroidManifest.xml:8:7-39
56        android:roundIcon="@mipmap/ic_launcher_round"
56-->src/main/AndroidManifest.xml:10:7-52
57        android:theme="@style/AppTheme" >
57-->src/main/AndroidManifest.xml:12:7-38
58        <activity
58-->src/main/AndroidManifest.xml:13:7-23:18
59            android:name="com.statec.MainActivity"
59-->src/main/AndroidManifest.xml:14:9-37
60            android:configChanges="keyboard|keyboardHidden|orientation|screenSize|uiMode"
60-->src/main/AndroidManifest.xml:16:9-86
61            android:label="@string/app_name"
61-->src/main/AndroidManifest.xml:15:9-41
62            android:launchMode="singleTask"
62-->src/main/AndroidManifest.xml:17:9-40
63            android:windowSoftInputMode="adjustResize" >
63-->src/main/AndroidManifest.xml:18:9-51
64            <intent-filter>
64-->src/main/AndroidManifest.xml:19:9-22:25
65                <action android:name="android.intent.action.MAIN" />
65-->src/main/AndroidManifest.xml:20:13-65
65-->src/main/AndroidManifest.xml:20:21-62
66
67                <category android:name="android.intent.category.LAUNCHER" />
67-->src/main/AndroidManifest.xml:21:13-73
67-->src/main/AndroidManifest.xml:21:23-70
68            </intent-filter>
69        </activity>
70        <activity android:name="com.facebook.react.devsupport.DevSettingsActivity" />
70-->src/main/AndroidManifest.xml:24:7-84
70-->src/main/AndroidManifest.xml:24:17-81
71
72        <meta-data
72-->[com.onesignal:OneSignal:3.15.4] AndroidManifest.xml:49:9-51:51
73            android:name="onesignal_app_id"
73-->[com.onesignal:OneSignal:3.15.4] AndroidManifest.xml:50:13-44
74            android:value="" /> <!-- Deprecated - Pulled from OneSignal dashboard. -->
74-->[com.onesignal:OneSignal:3.15.4] AndroidManifest.xml:51:13-48
75        <meta-data
75-->[com.onesignal:OneSignal:3.15.4] AndroidManifest.xml:53:9-55:70
76            android:name="onesignal_google_project_number"
76-->[com.onesignal:OneSignal:3.15.4] AndroidManifest.xml:54:13-59
77            android:value="str:REMOTE" />
77-->[com.onesignal:OneSignal:3.15.4] AndroidManifest.xml:55:13-67
78
79        <receiver
79-->[com.onesignal:OneSignal:3.15.4] AndroidManifest.xml:57:9-67:20
80            android:name="com.onesignal.GcmBroadcastReceiver"
80-->[com.onesignal:OneSignal:3.15.4] AndroidManifest.xml:58:13-62
81            android:permission="com.google.android.c2dm.permission.SEND" >
81-->[com.onesignal:OneSignal:3.15.4] AndroidManifest.xml:59:13-73
82
83            <!-- High priority so OneSignal payloads can be filtered from other GCM receivers if filterOtherGCMReceivers is enabled. -->
84            <intent-filter android:priority="999" >
84-->[com.onesignal:OneSignal:3.15.4] AndroidManifest.xml:62:13-66:29
84-->[com.onesignal:OneSignal:3.15.4] AndroidManifest.xml:62:28-50
85                <action android:name="com.google.android.c2dm.intent.RECEIVE" />
85-->[com.onesignal:OneSignal:3.15.4] AndroidManifest.xml:63:17-81
85-->[com.onesignal:OneSignal:3.15.4] AndroidManifest.xml:63:25-78
86
87                <category android:name="com.statec" />
87-->[com.onesignal:OneSignal:3.15.4] AndroidManifest.xml:65:17-61
87-->[com.onesignal:OneSignal:3.15.4] AndroidManifest.xml:65:27-58
88            </intent-filter>
89        </receiver>
90        <receiver android:name="com.onesignal.NotificationOpenedReceiver" />
90-->[com.onesignal:OneSignal:3.15.4] AndroidManifest.xml:68:9-77
90-->[com.onesignal:OneSignal:3.15.4] AndroidManifest.xml:68:19-74
91
92        <service
92-->[com.onesignal:OneSignal:3.15.4] AndroidManifest.xml:70:9-76:19
93            android:name="com.onesignal.HmsMessageServiceOneSignal"
93-->[com.onesignal:OneSignal:3.15.4] AndroidManifest.xml:71:13-68
94            android:exported="false" >
94-->[com.onesignal:OneSignal:3.15.4] AndroidManifest.xml:72:13-37
95            <intent-filter>
95-->[com.onesignal:OneSignal:3.15.4] AndroidManifest.xml:73:13-75:29
96                <action android:name="com.huawei.push.action.MESSAGING_EVENT" />
96-->[com.onesignal:OneSignal:3.15.4] AndroidManifest.xml:74:17-81
96-->[com.onesignal:OneSignal:3.15.4] AndroidManifest.xml:74:25-78
97            </intent-filter>
98        </service>
99
100        <activity
100-->[com.onesignal:OneSignal:3.15.4] AndroidManifest.xml:78:9-84:20
101            android:name="com.onesignal.NotificationOpenedActivityHMS"
101-->[com.onesignal:OneSignal:3.15.4] AndroidManifest.xml:79:13-71
102            android:theme="@android:style/Theme.Translucent.NoTitleBar" >
102-->[com.onesignal:OneSignal:3.15.4] AndroidManifest.xml:80:13-72
103            <intent-filter>
103-->[com.onesignal:OneSignal:3.15.4] AndroidManifest.xml:81:13-83:29
104                <action android:name="android.intent.action.VIEW" />
104-->[com.onesignal:OneSignal:3.15.4] AndroidManifest.xml:82:17-69
104-->[com.onesignal:OneSignal:3.15.4] AndroidManifest.xml:82:25-66
105            </intent-filter>
106        </activity>
107
108        <service android:name="com.onesignal.GcmIntentService" />
108-->[com.onesignal:OneSignal:3.15.4] AndroidManifest.xml:86:9-66
108-->[com.onesignal:OneSignal:3.15.4] AndroidManifest.xml:86:18-63
109        <service
109-->[com.onesignal:OneSignal:3.15.4] AndroidManifest.xml:87:9-89:72
110            android:name="com.onesignal.GcmIntentJobService"
110-->[com.onesignal:OneSignal:3.15.4] AndroidManifest.xml:88:13-61
111            android:permission="android.permission.BIND_JOB_SERVICE" />
111-->[com.onesignal:OneSignal:3.15.4] AndroidManifest.xml:89:13-69
112        <service
112-->[com.onesignal:OneSignal:3.15.4] AndroidManifest.xml:90:9-92:72
113            android:name="com.onesignal.RestoreJobService"
113-->[com.onesignal:OneSignal:3.15.4] AndroidManifest.xml:91:13-59
114            android:permission="android.permission.BIND_JOB_SERVICE" />
114-->[com.onesignal:OneSignal:3.15.4] AndroidManifest.xml:92:13-69
115        <service
115-->[com.onesignal:OneSignal:3.15.4] AndroidManifest.xml:93:9-95:72
116            android:name="com.onesignal.RestoreKickoffJobService"
116-->[com.onesignal:OneSignal:3.15.4] AndroidManifest.xml:94:13-66
117            android:permission="android.permission.BIND_JOB_SERVICE" />
117-->[com.onesignal:OneSignal:3.15.4] AndroidManifest.xml:95:13-69
118        <service
118-->[com.onesignal:OneSignal:3.15.4] AndroidManifest.xml:96:9-98:43
119            android:name="com.onesignal.SyncService"
119-->[com.onesignal:OneSignal:3.15.4] AndroidManifest.xml:97:13-53
120            android:stopWithTask="true" />
120-->[com.onesignal:OneSignal:3.15.4] AndroidManifest.xml:98:13-40
121        <service
121-->[com.onesignal:OneSignal:3.15.4] AndroidManifest.xml:99:9-101:72
122            android:name="com.onesignal.SyncJobService"
122-->[com.onesignal:OneSignal:3.15.4] AndroidManifest.xml:100:13-56
123            android:permission="android.permission.BIND_JOB_SERVICE" />
123-->[com.onesignal:OneSignal:3.15.4] AndroidManifest.xml:101:13-69
124
125        <activity
125-->[com.onesignal:OneSignal:3.15.4] AndroidManifest.xml:103:9-105:75
126            android:name="com.onesignal.PermissionsActivity"
126-->[com.onesignal:OneSignal:3.15.4] AndroidManifest.xml:104:13-61
127            android:theme="@android:style/Theme.Translucent.NoTitleBar" />
127-->[com.onesignal:OneSignal:3.15.4] AndroidManifest.xml:105:13-72
128
129        <service android:name="com.onesignal.NotificationRestoreService" />
129-->[com.onesignal:OneSignal:3.15.4] AndroidManifest.xml:107:9-76
129-->[com.onesignal:OneSignal:3.15.4] AndroidManifest.xml:107:18-73
130
131        <receiver android:name="com.onesignal.BootUpReceiver" >
131-->[com.onesignal:OneSignal:3.15.4] AndroidManifest.xml:109:9-114:20
131-->[com.onesignal:OneSignal:3.15.4] AndroidManifest.xml:109:19-62
132            <intent-filter>
132-->[com.onesignal:OneSignal:3.15.4] AndroidManifest.xml:110:13-113:29
133                <action android:name="android.intent.action.BOOT_COMPLETED" />
133-->[com.onesignal:OneSignal:3.15.4] AndroidManifest.xml:111:17-79
133-->[com.onesignal:OneSignal:3.15.4] AndroidManifest.xml:111:25-76
134                <action android:name="android.intent.action.QUICKBOOT_POWERON" />
134-->[com.onesignal:OneSignal:3.15.4] AndroidManifest.xml:112:17-82
134-->[com.onesignal:OneSignal:3.15.4] AndroidManifest.xml:112:25-79
135            </intent-filter>
136        </receiver>
137        <receiver android:name="com.onesignal.UpgradeReceiver" >
137-->[com.onesignal:OneSignal:3.15.4] AndroidManifest.xml:115:9-119:20
137-->[com.onesignal:OneSignal:3.15.4] AndroidManifest.xml:115:19-63
138            <intent-filter>
138-->[com.onesignal:OneSignal:3.15.4] AndroidManifest.xml:116:13-118:29
139                <action android:name="android.intent.action.MY_PACKAGE_REPLACED" />
139-->[com.onesignal:OneSignal:3.15.4] AndroidManifest.xml:117:17-84
139-->[com.onesignal:OneSignal:3.15.4] AndroidManifest.xml:117:25-81
140            </intent-filter>
141        </receiver>
142        <!--
143             FirebaseMessagingService performs security checks at runtime,
144             no need for explicit permissions despite exported="true"
145        -->
146        <service
146-->[com.google.firebase:firebase-messaging:17.3.4] AndroidManifest.xml:28:9-34:19
147            android:name="com.google.firebase.messaging.FirebaseMessagingService"
147-->[com.google.firebase:firebase-messaging:17.3.4] AndroidManifest.xml:29:13-82
148            android:exported="true" >
148-->[com.google.firebase:firebase-messaging:17.3.4] AndroidManifest.xml:30:13-36
149            <intent-filter android:priority="-500" >
149-->[com.google.firebase:firebase-messaging:17.3.4] AndroidManifest.xml:31:13-33:29
149-->[com.google.firebase:firebase-messaging:17.3.4] AndroidManifest.xml:31:28-51
150                <action android:name="com.google.firebase.MESSAGING_EVENT" />
150-->[com.google.firebase:firebase-messaging:17.3.4] AndroidManifest.xml:32:17-78
150-->[com.google.firebase:firebase-messaging:17.3.4] AndroidManifest.xml:32:25-75
151            </intent-filter>
152        </service>
153        <service
153-->[com.google.firebase:firebase-iid:17.0.4] AndroidManifest.xml:29:9-35:19
154            android:name="com.google.firebase.components.ComponentDiscoveryService"
154-->[com.google.firebase:firebase-iid:17.0.4] AndroidManifest.xml:30:13-84
155            android:exported="false" >
155-->[com.google.firebase:firebase-iid:17.0.4] AndroidManifest.xml:31:13-37
156            <meta-data
156-->[com.google.firebase:firebase-iid:17.0.4] AndroidManifest.xml:32:13-34:85
157                android:name="com.google.firebase.components:com.google.firebase.iid.Registrar"
157-->[com.google.firebase:firebase-iid:17.0.4] AndroidManifest.xml:33:17-96
158                android:value="com.google.firebase.components.ComponentRegistrar" />
158-->[com.google.firebase:firebase-iid:17.0.4] AndroidManifest.xml:34:17-82
159        </service>
160
161        <receiver
161-->[com.google.firebase:firebase-iid:17.0.4] AndroidManifest.xml:37:9-44:20
162            android:name="com.google.firebase.iid.FirebaseInstanceIdReceiver"
162-->[com.google.firebase:firebase-iid:17.0.4] AndroidManifest.xml:38:13-78
163            android:exported="true"
163-->[com.google.firebase:firebase-iid:17.0.4] AndroidManifest.xml:39:13-36
164            android:permission="com.google.android.c2dm.permission.SEND" >
164-->[com.google.firebase:firebase-iid:17.0.4] AndroidManifest.xml:40:13-73
165            <intent-filter>
165-->[com.google.firebase:firebase-iid:17.0.4] AndroidManifest.xml:41:13-43:29
166                <action android:name="com.google.android.c2dm.intent.RECEIVE" />
166-->[com.onesignal:OneSignal:3.15.4] AndroidManifest.xml:63:17-81
166-->[com.onesignal:OneSignal:3.15.4] AndroidManifest.xml:63:25-78
167            </intent-filter>
168        </receiver>
169        <!--
170             FirebaseInstanceIdService performs security checks at runtime,
171             no need for explicit permissions despite exported="true"
172        -->
173        <service
173-->[com.google.firebase:firebase-iid:17.0.4] AndroidManifest.xml:50:9-56:19
174            android:name="com.google.firebase.iid.FirebaseInstanceIdService"
174-->[com.google.firebase:firebase-iid:17.0.4] AndroidManifest.xml:51:13-77
175            android:exported="true" >
175-->[com.google.firebase:firebase-iid:17.0.4] AndroidManifest.xml:52:13-36
176            <intent-filter android:priority="-500" >
176-->[com.google.firebase:firebase-iid:17.0.4] AndroidManifest.xml:53:13-55:29
176-->[com.google.firebase:firebase-iid:17.0.4] AndroidManifest.xml:53:28-51
177                <action android:name="com.google.firebase.INSTANCE_ID_EVENT" />
177-->[com.google.firebase:firebase-iid:17.0.4] AndroidManifest.xml:54:17-80
177-->[com.google.firebase:firebase-iid:17.0.4] AndroidManifest.xml:54:25-77
178            </intent-filter>
179        </service>
180
181        <provider
181-->[com.google.firebase:firebase-common:16.0.3] AndroidManifest.xml:10:9-14:39
182            android:name="com.google.firebase.provider.FirebaseInitProvider"
182-->[com.google.firebase:firebase-common:16.0.3] AndroidManifest.xml:11:13-77
183            android:authorities="com.statec.firebaseinitprovider"
183-->[com.google.firebase:firebase-common:16.0.3] AndroidManifest.xml:12:13-72
184            android:exported="false"
184-->[com.google.firebase:firebase-common:16.0.3] AndroidManifest.xml:13:13-37
185            android:initOrder="100" />
185-->[com.google.firebase:firebase-common:16.0.3] AndroidManifest.xml:14:13-36
186
187        <activity
187-->[com.google.android.gms:play-services-base:16.0.1] AndroidManifest.xml:23:9-26:75
188            android:name="com.google.android.gms.common.api.GoogleApiActivity"
188-->[com.google.android.gms:play-services-base:16.0.1] AndroidManifest.xml:24:13-79
189            android:exported="false"
189-->[com.google.android.gms:play-services-base:16.0.1] AndroidManifest.xml:25:13-37
190            android:theme="@android:style/Theme.Translucent.NoTitleBar" />
190-->[com.google.android.gms:play-services-base:16.0.1] AndroidManifest.xml:26:13-72
191
192        <meta-data
192-->[com.google.android.gms:play-services-basement:16.0.1] AndroidManifest.xml:23:9-25:69
193            android:name="com.google.android.gms.version"
193-->[com.google.android.gms:play-services-basement:16.0.1] AndroidManifest.xml:24:13-58
194            android:value="@integer/google_play_services_version" />
194-->[com.google.android.gms:play-services-basement:16.0.1] AndroidManifest.xml:25:13-66
195    </application>
196
197</manifest>